<?xml version="1.0" encoding="UTF-8"?>
<testng-results skipped="0" failed="0" ignored="0" total="2" passed="2">
  <reporter-output>
  </reporter-output>
  <suite name="Default suite" duration-ms="89" started-at="2017-09-24T18:17:23Z" finished-at="2017-09-24T18:17:23Z">
    <groups>
    </groups>
    <test name="Default test" duration-ms="89" started-at="2017-09-24T18:17:23Z" finished-at="2017-09-24T18:17:23Z">
      <class name="testNG.AfterBefore_Method">
        <test-method status="PASS" signature="f1()[pri:0, instance:testNG.AfterBefore_Method@38203]" name="f1" is-config="true" duration-ms="10" started-at="2017-09-24T23:47:23Z" finished-at="2017-09-24T23:47:23Z">
          <reporter-output>
          </reporter-output>
        </test-method> <!-- f1 -->
        <test-method status="PASS" signature="a()[pri:0, instance:testNG.AfterBefore_Method@38203]" name="a" duration-ms="11" started-at="2017-09-24T23:47:23Z" finished-at="2017-09-24T23:47:23Z">
          <reporter-output>
          </reporter-output>
        </test-method> <!-- a -->
        <test-method status="PASS" signature="f2()[pri:0, instance:testNG.AfterBefore_Method@38203]" name="f2" is-config="true" duration-ms="1" started-at="2017-09-24T23:47:23Z" finished-at="2017-09-24T23:47:23Z">
          <reporter-output>
          </reporter-output>
        </test-method> <!-- f2 -->
        <test-method status="PASS" signature="f3()[pri:0, instance:testNG.AfterBefore_Method@38203]" name="f3" duration-ms="3" started-at="2017-09-24T23:47:23Z" finished-at="2017-09-24T23:47:23Z">
          <reporter-output>
          </reporter-output>
        </test-method> <!-- f3 -->
        <test-method status="PASS" signature="f1()[pri:0, instance:testNG.AfterBefore_Method@38203]" name="f1" is-config="true" duration-ms="0" started-at="2017-09-24T23:47:23Z" finished-at="2017-09-24T23:47:23Z">
          <reporter-output>
          </reporter-output>
        </test-method> <!-- f1 -->
        <test-method status="PASS" signature="f2()[pri:0, instance:testNG.AfterBefore_Method@38203]" name="f2" is-config="true" duration-ms="1" started-at="2017-09-24T23:47:23Z" finished-at="2017-09-24T23:47:23Z">
          <reporter-output>
          </reporter-output>
        </test-method> <!-- f2 -->
      </class> <!-- testNG.AfterBefore_Method -->
    </test> <!-- Default test -->
  </suite> <!-- Default suite -->
</testng-results>
