<?xml version="1.0" encoding="UTF-8"?>
<!-- Generated by org.testng.reporters.JUnitXMLReporter -->
<testsuite hostname="user-PC" ignored="0" name="Test1" tests="11" failures="1" timestamp="24 Sep 2017 15:40:24 GMT" time="215.51" errors="0">
  <testcase name="f1" time="0.024" classname="testNG.Sample"/>
  <testcase name="Hashset" time="0.002" classname="testNG.Sample_Hashset"/>
  <testcase name="hiddenDivisionPopup" time="57.393" classname="testNG.FlipKart_Popup"/>
  <testcase name="Alert" time="49.378" classname="testNG.Alert_Popup">
    <failure type="org.openqa.selenium.WebDriverException" message="Failed to connect to binary FirefoxBinary(C:\Program Files\Mozilla Firefox\firefox.exe) on port 7056; process output follows: 
887682,&amp;quot;applyBackgroundUpdates&amp;quot;:1,&amp;quot;skinnable&amp;quot;:true,&amp;quot;size&amp;quot;:22012,&amp;quot;sourceURI&amp;quot;:null,&amp;quot;releaseNotesURI&amp;quot;:null,&amp;quot;softDisabled&amp;quot;:false,&amp;quot;foreignInstall&amp;quot;:false,&amp;quot;hasBinaryComponents&amp;quot;:false,&amp;quot;strictCompatibility&amp;quot;:true,&amp;quot;locales&amp;quot;:[],&amp;quot;targetApplications&amp;quot;:[{&amp;quot;id&amp;quot;:&amp;quot;{ec8030f7-c20a-464f-9b0e-13a3a9e97384}&amp;quot;,&amp;quot;minVersion&amp;quot;:&amp;quot;47.0.2&amp;quot;,&amp;quot;maxVersion&amp;quot;:&amp;quot;47.0.2&amp;quot;}],&amp;quot;targetPlatforms&amp;quot;:[],&amp;quot;seen&amp;quot;:true}
1506267472536	addons.xpi	DEBUG	getModTime: Recursive scan of {972ce4c6-7e08-4474-a285-3208198ce6fd}
1506267472538	DeferredSave.extensions.json	DEBUG	Save changes
1506267472538	addons.xpi	DEBUG	Updating database with changes to installed add-ons
1506267472538	addons.xpi-utils	DEBUG	Updating add-on states
1506267472539	addons.xpi-utils	DEBUG	Writing add-ons list
1506267472542	addons.xpi	DEBUG	Registering manifest for C:\Program Files\Mozilla Firefox\browser\features\e10srollout@mozilla.org.xpi
1506267472542	addons.xpi	DEBUG	Calling bootstrap method startup on e10srollout@mozilla.org version 1.0
1506267472543	addons.xpi	DEBUG	Registering manifest for C:\Program Files\Mozilla Firefox\browser\features\firefox@getpocket.com.xpi
1506267472543	addons.xpi	DEBUG	Calling bootstrap method startup on firefox@getpocket.com version 1.0.2
1506267472545	addons.xpi	DEBUG	Registering manifest for C:\Program Files\Mozilla Firefox\browser\features\loop@mozilla.org.xpi
1506267472546	addons.xpi	DEBUG	Calling bootstrap method startup on loop@mozilla.org version 1.3.2
1506267472594	addons.xpi	DEBUG	Registering manifest for C:\Program Files\Mozilla Firefox\browser\features\websensehelper@mozilla.org.xpi
1506267472594	addons.xpi	DEBUG	Calling bootstrap method startup on websensehelper@mozilla.org version 1.0
1506267472599	addons.manager	DEBUG	Registering shutdown blocker for XPIProvider
1506267472599	addons.manager	DEBUG	Provider finished startup: XPIProvider
1506267472599	addons.manager	DEBUG	Starting provider: LightweightThemeManager
1506267472599	addons.manager	DEBUG	Registering shutdown blocker for LightweightThemeManager
1506267472600	addons.manager	DEBUG	Provider finished startup: LightweightThemeManager
1506267472600	addons.manager	DEBUG	Starting provider: GMPProvider
1506267472610	addons.manager	DEBUG	Registering shutdown blocker for GMPProvider
1506267472611	addons.manager	DEBUG	Provider finished startup: GMPProvider
1506267472611	addons.manager	DEBUG	Starting provider: PluginProvider
1506267472611	addons.manager	DEBUG	Registering shutdown blocker for PluginProvider
1506267472616	addons.manager	DEBUG	Provider finished startup: PluginProvider
1506267472616	addons.manager	DEBUG	Completed startup sequence
1506267476654	addons.manager	DEBUG	Starting provider: &amp;lt;unnamed-provider&amp;gt;
1506267476654	addons.manager	DEBUG	Registering shutdown blocker for &amp;lt;unnamed-provider&amp;gt;
1506267476654	addons.manager	DEBUG	Provider finished startup: &amp;lt;unnamed-provider&amp;gt;
1506267477223	DeferredSave.extensions.json	DEBUG	Write succeeded
1506267477223	addons.xpi-utils	DEBUG	XPI Database saved, setting schema version preference to 17
1506267477223	DeferredSave.extensions.json	DEBUG	Starting timer
1506267477845	DeferredSave.extensions.json	DEBUG	Starting write
1506267477879	addons.repository	DEBUG	No addons.json found.
1506267477880	DeferredSave.addons.json	DEBUG	Save changes
1506267477883	DeferredSave.addons.json	DEBUG	Starting timer
1506267477918	addons.manager	DEBUG	Starting provider: PreviousExperimentProvider
1506267477918	addons.manager	DEBUG	Registering shutdown blocker for PreviousExperimentProvider
1506267477918	addons.manager	DEBUG	Provider finished startup: PreviousExperimentProvider
1506267477929	DeferredSave.extensions.json	DEBUG	Write succeeded
1506267477938	DeferredSave.addons.json	DEBUG	Starting write
1506267478015	DeferredSave.addons.json	DEBUG	Write succeeded
JavaScript error: chrome://fxdriver/content/server.js, line 61: uncaught exception: [object Object]
JavaScript error: chrome://fxdriver/content/server.js, line 61: NS_ERROR_XPC_CI_RETURNED_FAILURE: Component returned failure code: 0x80570015 (NS_ERROR_XPC_CI_RETURNED_FAILURE) [nsIJSCID.createInstance]

Build info: version: &amp;apos;unknown&amp;apos;, revision: &amp;apos;350cf60&amp;apos;, time: &amp;apos;2016-10-13 10:43:56 -0700&amp;apos;
System info: host: &amp;apos;user-PC&amp;apos;, ip: &amp;apos;192.168.0.3&amp;apos;, os.name: &amp;apos;Windows 7&amp;apos;, os.arch: &amp;apos;x86&amp;apos;, os.version: &amp;apos;6.1&amp;apos;, java.version: &amp;apos;1.8.0_131&amp;apos;
Driver info: driver.version: FirefoxDriver">
      <![CDATA[org.openqa.selenium.WebDriverException: Failed to connect to binary FirefoxBinary(C:\Program Files\Mozilla Firefox\firefox.exe) on port 7056; process output follows: 
887682,"applyBackgroundUpdates":1,"skinnable":true,"size":22012,"sourceURI":null,"releaseNotesURI":null,"softDisabled":false,"foreignInstall":false,"hasBinaryComponents":false,"strictCompatibility":true,"locales":[],"targetApplications":[{"id":"{ec8030f7-c20a-464f-9b0e-13a3a9e97384}","minVersion":"47.0.2","maxVersion":"47.0.2"}],"targetPlatforms":[],"seen":true}
1506267472536	addons.xpi	DEBUG	getModTime: Recursive scan of {972ce4c6-7e08-4474-a285-3208198ce6fd}
1506267472538	DeferredSave.extensions.json	DEBUG	Save changes
1506267472538	addons.xpi	DEBUG	Updating database with changes to installed add-ons
1506267472538	addons.xpi-utils	DEBUG	Updating add-on states
1506267472539	addons.xpi-utils	DEBUG	Writing add-ons list
1506267472542	addons.xpi	DEBUG	Registering manifest for C:\Program Files\Mozilla Firefox\browser\features\e10srollout@mozilla.org.xpi
1506267472542	addons.xpi	DEBUG	Calling bootstrap method startup on e10srollout@mozilla.org version 1.0
1506267472543	addons.xpi	DEBUG	Registering manifest for C:\Program Files\Mozilla Firefox\browser\features\firefox@getpocket.com.xpi
1506267472543	addons.xpi	DEBUG	Calling bootstrap method startup on firefox@getpocket.com version 1.0.2
1506267472545	addons.xpi	DEBUG	Registering manifest for C:\Program Files\Mozilla Firefox\browser\features\loop@mozilla.org.xpi
1506267472546	addons.xpi	DEBUG	Calling bootstrap method startup on loop@mozilla.org version 1.3.2
1506267472594	addons.xpi	DEBUG	Registering manifest for C:\Program Files\Mozilla Firefox\browser\features\websensehelper@mozilla.org.xpi
1506267472594	addons.xpi	DEBUG	Calling bootstrap method startup on websensehelper@mozilla.org version 1.0
1506267472599	addons.manager	DEBUG	Registering shutdown blocker for XPIProvider
1506267472599	addons.manager	DEBUG	Provider finished startup: XPIProvider
1506267472599	addons.manager	DEBUG	Starting provider: LightweightThemeManager
1506267472599	addons.manager	DEBUG	Registering shutdown blocker for LightweightThemeManager
1506267472600	addons.manager	DEBUG	Provider finished startup: LightweightThemeManager
1506267472600	addons.manager	DEBUG	Starting provider: GMPProvider
1506267472610	addons.manager	DEBUG	Registering shutdown blocker for GMPProvider
1506267472611	addons.manager	DEBUG	Provider finished startup: GMPProvider
1506267472611	addons.manager	DEBUG	Starting provider: PluginProvider
1506267472611	addons.manager	DEBUG	Registering shutdown blocker for PluginProvider
1506267472616	addons.manager	DEBUG	Provider finished startup: PluginProvider
1506267472616	addons.manager	DEBUG	Completed startup sequence
1506267476654	addons.manager	DEBUG	Starting provider: <unnamed-provider>
1506267476654	addons.manager	DEBUG	Registering shutdown blocker for <unnamed-provider>
1506267476654	addons.manager	DEBUG	Provider finished startup: <unnamed-provider>
1506267477223	DeferredSave.extensions.json	DEBUG	Write succeeded
1506267477223	addons.xpi-utils	DEBUG	XPI Database saved, setting schema version preference to 17
1506267477223	DeferredSave.extensions.json	DEBUG	Starting timer
1506267477845	DeferredSave.extensions.json	DEBUG	Starting write
1506267477879	addons.repository	DEBUG	No addons.json found.
1506267477880	DeferredSave.addons.json	DEBUG	Save changes
1506267477883	DeferredSave.addons.json	DEBUG	Starting timer
1506267477918	addons.manager	DEBUG	Starting provider: PreviousExperimentProvider
1506267477918	addons.manager	DEBUG	Registering shutdown blocker for PreviousExperimentProvider
1506267477918	addons.manager	DEBUG	Provider finished startup: PreviousExperimentProvider
1506267477929	DeferredSave.extensions.json	DEBUG	Write succeeded
1506267477938	DeferredSave.addons.json	DEBUG	Starting write
1506267478015	DeferredSave.addons.json	DEBUG	Write succeeded
JavaScript error: chrome://fxdriver/content/server.js, line 61: uncaught exception: [object Object]
JavaScript error: chrome://fxdriver/content/server.js, line 61: NS_ERROR_XPC_CI_RETURNED_FAILURE: Component returned failure code: 0x80570015 (NS_ERROR_XPC_CI_RETURNED_FAILURE) [nsIJSCID.createInstance]

Build info: version: 'unknown', revision: '350cf60', time: '2016-10-13 10:43:56 -0700'
System info: host: 'user-PC', ip: '192.168.0.3', os.name: 'Windows 7', os.arch: 'x86', os.version: '6.1', java.version: '1.8.0_131'
Driver info: driver.version: FirefoxDriver
	at org.openqa.selenium.firefox.internal.NewProfileExtensionConnection.start(NewProfileExtensionConnection.java:125)
	at org.openqa.selenium.firefox.FirefoxDriver.startClient(FirefoxDriver.java:347)
	at org.openqa.selenium.remote.RemoteWebDriver.<init>(RemoteWebDriver.java:116)
	at org.openqa.selenium.firefox.FirefoxDriver.<init>(FirefoxDriver.java:259)
	at org.openqa.selenium.firefox.FirefoxDriver.<init>(FirefoxDriver.java:247)
	at org.openqa.selenium.firefox.FirefoxDriver.<init>(FirefoxDriver.java:242)
	at org.openqa.selenium.firefox.FirefoxDriver.<init>(FirefoxDriver.java:238)
	at org.openqa.selenium.firefox.FirefoxDriver.<init>(FirefoxDriver.java:127)
	at testNG.Alert_Popup.Alert(Alert_Popup.java:17)
Caused by: org.openqa.selenium.firefox.NotConnectedException: Unable to connect to host 127.0.0.1 on port 7056 after 45000 ms. Firefox console output:
887682,"applyBackgroundUpdates":1,"skinnable":true,"size":22012,"sourceURI":null,"releaseNotesURI":null,"softDisabled":false,"foreignInstall":false,"hasBinaryComponents":false,"strictCompatibility":true,"locales":[],"targetApplications":[{"id":"{ec8030f7-c20a-464f-9b0e-13a3a9e97384}","minVersion":"47.0.2","maxVersion":"47.0.2"}],"targetPlatforms":[],"seen":true}
1506267472536	addons.xpi	DEBUG	getModTime: Recursive scan of {972ce4c6-7e08-4474-a285-3208198ce6fd}
1506267472538	DeferredSave.extensions.json	DEBUG	Save changes
1506267472538	addons.xpi	DEBUG	Updating database with changes to installed add-ons
1506267472538	addons.xpi-utils	DEBUG	Updating add-on states
1506267472539	addons.xpi-utils	DEBUG	Writing add-ons list
1506267472542	addons.xpi	DEBUG	Registering manifest for C:\Program Files\Mozilla Firefox\browser\features\e10srollout@mozilla.org.xpi
1506267472542	addons.xpi	DEBUG	Calling bootstrap method startup on e10srollout@mozilla.org version 1.0
1506267472543	addons.xpi	DEBUG	Registering manifest for C:\Program Files\Mozilla Firefox\browser\features\firefox@getpocket.com.xpi
1506267472543	addons.xpi	DEBUG	Calling bootstrap method startup on firefox@getpocket.com version 1.0.2
1506267472545	addons.xpi	DEBUG	Registering manifest for C:\Program Files\Mozilla Firefox\browser\features\loop@mozilla.org.xpi
1506267472546	addons.xpi	DEBUG	Calling bootstrap method startup on loop@mozilla.org version 1.3.2
1506267472594	addons.xpi	DEBUG	Registering manifest for C:\Program Files\Mozilla Firefox\browser\features\websensehelper@mozilla.org.xpi
1506267472594	addons.xpi	DEBUG	Calling bootstrap method startup on websensehelper@mozilla.org version 1.0
1506267472599	addons.manager	DEBUG	Registering shutdown blocker for XPIProvider
1506267472599	addons.manager	DEBUG	Provider finished startup: XPIProvider
1506267472599	addons.manager	DEBUG	Starting provider: LightweightThemeManager
1506267472599	addons.manager	DEBUG	Registering shutdown blocker for LightweightThemeManager
1506267472600	addons.manager	DEBUG	Provider finished startup: LightweightThemeManager
1506267472600	addons.manager	DEBUG	Starting provider: GMPProvider
1506267472610	addons.manager	DEBUG	Registering shutdown blocker for GMPProvider
1506267472611	addons.manager	DEBUG	Provider finished startup: GMPProvider
1506267472611	addons.manager	DEBUG	Starting provider: PluginProvider
1506267472611	addons.manager	DEBUG	Registering shutdown blocker for PluginProvider
1506267472616	addons.manager	DEBUG	Provider finished startup: PluginProvider
1506267472616	addons.manager	DEBUG	Completed startup sequence
1506267476654	addons.manager	DEBUG	Starting provider: <unnamed-provider>
1506267476654	addons.manager	DEBUG	Registering shutdown blocker for <unnamed-provider>
1506267476654	addons.manager	DEBUG	Provider finished startup: <unnamed-provider>
1506267477223	DeferredSave.extensions.json	DEBUG	Write succeeded
1506267477223	addons.xpi-utils	DEBUG	XPI Database saved, setting schema version preference to 17
1506267477223	DeferredSave.extensions.json	DEBUG	Starting timer
1506267477845	DeferredSave.extensions.json	DEBUG	Starting write
1506267477879	addons.repository	DEBUG	No addons.json found.
1506267477880	DeferredSave.addons.json	DEBUG	Save changes
1506267477883	DeferredSave.addons.json	DEBUG	Starting timer
1506267477918	addons.manager	DEBUG	Starting provider: PreviousExperimentProvider
1506267477918	addons.manager	DEBUG	Registering shutdown blocker for PreviousExperimentProvider
1506267477918	addons.manager	DEBUG	Provider finished startup: PreviousExperimentProvider
1506267477929	DeferredSave.extensions.json	DEBUG	Write succeeded
1506267477938	DeferredSave.addons.json	DEBUG	Starting write
1506267478015	DeferredSave.addons.json	DEBUG	Write succeeded
JavaScript error: chrome://fxdriver/content/server.js, line 61: uncaught exception: [object Object]
JavaScript error: chrome://fxdriver/content/server.js, line 61: NS_ERROR_XPC_CI_RETURNED_FAILURE: Component returned failure code: 0x80570015 (NS_ERROR_XPC_CI_RETURNED_FAILURE) [nsIJSCID.createInstance]

	at org.openqa.selenium.firefox.internal.NewProfileExtensionConnection.start(NewProfileExtensionConnection.java:113)
	... 33 more
... Removed 25 stack frames]]>
    </failure>
  </testcase> <!-- Alert -->
  <testcase name="windowHandle" time="27.932" classname="testNG.Irctc_windowHandle"/>
  <testcase name="test" time="0.002" classname="testNG.Java_Class"/>
  <testcase name="placeHolder" time="20.467" classname="testNG.Actitime_Placeholder"/>
  <testcase name="googleTitle" time="23.521" classname="testNG.Google_Title"/>
  <testcase name="f3" time="0.005" classname="testNG.Sample"/>
  <testcase name="Calendar_Popup" time="36.684" classname="testNG.Yatra_calendarPopup"/>
  <testcase name="f2" time="0.001" classname="testNG.Sample"/>
</testsuite> <!-- Test1 -->
